\BOOKMARK [0][-]{section*.2}{\376\377\000A\000b\000s\000t\000r\000a\000c\000t}{}% 1
\BOOKMARK [0][-]{chapter*.4}{\376\377\000L\000i\000s\000t\000\040\000o\000f\000\040\000F\000i\000g\000u\000r\000e\000s}{}% 2
\BOOKMARK [0][-]{chapter*.5}{\376\377\000L\000i\000s\000t\000\040\000o\000f\000\040\000T\000a\000b\000l\000e\000s}{}% 3
\BOOKMARK [0][-]{chapter.1}{\376\377\000I\000n\000t\000r\000o\000d\000u\000c\000t\000i\000o\000n}{}% 4
\BOOKMARK [1][-]{section.1.1}{\376\377\000A\000r\000t\000i\000f\000i\000c\000i\000a\000l\000\040\000I\000n\000t\000e\000l\000l\000i\000g\000e\000n\000c\000e}{chapter.1}% 5
\BOOKMARK [1][-]{section.1.2}{\376\377\000M\000o\000t\000i\000v\000a\000t\000i\000o\000n\000\040\000a\000n\000d\000\040\000C\000h\000a\000l\000l\000e\000n\000g\000e\000s}{chapter.1}% 6
\BOOKMARK [1][-]{section.1.3}{\376\377\000C\000o\000n\000t\000r\000i\000b\000u\000t\000i\000o\000n\000s}{chapter.1}% 7
\BOOKMARK [0][-]{chapter.2}{\376\377\000O\000p\000e\000n\000C\000o\000g}{}% 8
\BOOKMARK [1][-]{section.2.1}{\376\377\000C\000o\000g\000n\000i\000t\000i\000v\000e\000\040\000S\000y\000n\000e\000r\000g\000y}{chapter.2}% 9
\BOOKMARK [1][-]{section.2.2}{\376\377\000T\000h\000e\000\040\000O\000p\000e\000n\000C\000o\000g\000\040\000A\000r\000c\000h\000i\000t\000e\000c\000t\000u\000r\000e}{chapter.2}% 10
\BOOKMARK [2][-]{subsection.2.2.1}{\376\377\000A\000t\000o\000m\000s\000p\000a\000c\000e}{section.2.2}% 11
\BOOKMARK [3][-]{subsubsection.2.2.1.1}{\376\377\000M\000e\000t\000a\000g\000r\000a\000p\000h\000:\000\040\000a\000\040\000G\000e\000n\000e\000r\000a\000l\000i\000z\000e\000d\000\040\000H\000y\000p\000e\000r\000g\000r\000a\000p\000h}{subsection.2.2.1}% 12
\BOOKMARK [3][-]{subsubsection.2.2.1.2}{\376\377\000A\000t\000o\000m\000s}{subsection.2.2.1}% 13
\BOOKMARK [2][-]{subsection.2.2.2}{\376\377\000A\000t\000o\000m\000e\000s\000e}{section.2.2}% 14
\BOOKMARK [2][-]{subsection.2.2.3}{\376\377\000P\000a\000t\000t\000e\000r\000n\000\040\000E\000n\000g\000i\000n\000e\000,\000\040\000U\000n\000i\000f\000i\000e\000d\000\040\000R\000u\000l\000e\000\040\000E\000n\000g\000i\000n\000e\000\040\000a\000n\000d\000\040\000R\000e\000l\000e\000x\0002\000L\000o\000g\000i\000c}{section.2.2}% 15
\BOOKMARK [3][-]{subsubsection.2.2.3.1}{\376\377\000P\000a\000t\000t\000e\000r\000n\000\040\000M\000a\000t\000c\000h\000e\000r}{subsection.2.2.3}% 16
\BOOKMARK [3][-]{subsubsection.2.2.3.2}{\376\377\000U\000n\000i\000f\000i\000e\000d\000\040\000R\000u\000l\000e\000\040\000E\000n\000g\000i\000n\000e}{subsection.2.2.3}% 17
\BOOKMARK [3][-]{subsubsection.2.2.3.3}{\376\377\000R\000e\000l\000e\000x\0002\000L\000o\000g\000i\000c}{subsection.2.2.3}% 18
\BOOKMARK [0][-]{chapter.3}{\376\377\000P\000r\000o\000b\000l\000e\000m\000\040\000F\000o\000r\000m\000u\000l\000a\000t\000i\000o\000n}{}% 19
\BOOKMARK [1][-]{section.3.1}{\376\377\000K\000n\000o\000w\000l\000e\000d\000g\000e\000\040\000B\000a\000s\000e\000\040\000i\000n\000\040\000A\000t\000o\000m\000e\000s\000e}{chapter.3}% 20
\BOOKMARK [1][-]{section.3.2}{\376\377\000A\000c\000t\000i\000o\000n\000s\000\040\000i\000n\000\040\000A\000t\000o\000m\000e\000s\000e}{chapter.3}% 21
\BOOKMARK [0][-]{chapter.4}{\376\377\000S\000y\000s\000t\000e\000m\000\040\000I\000m\000p\000l\000e\000m\000e\000n\000t\000a\000t\000i\000o\000n}{}% 22
\BOOKMARK [1][-]{section.4.1}{\376\377\000I\000n\000i\000t\000i\000a\000l\000\040\000P\000h\000a\000s\000e}{chapter.4}% 23
\BOOKMARK [1][-]{section.4.2}{\376\377\000P\000e\000r\000c\000e\000p\000t\000i\000o\000n\000\040\000P\000h\000a\000s\000e}{chapter.4}% 24
\BOOKMARK [1][-]{section.4.3}{\376\377\000L\000e\000a\000r\000n\000i\000n\000g\000\040\000P\000h\000a\000s\000e}{chapter.4}% 25
\BOOKMARK [1][-]{section.4.4}{\376\377\000R\000e\000q\000u\000e\000s\000t\000\040\000P\000h\000a\000s\000e}{chapter.4}% 26
\BOOKMARK [1][-]{section.4.5}{\376\377\000S\000e\000a\000r\000c\000h\000\040\000P\000h\000a\000s\000e}{chapter.4}% 27
\BOOKMARK [2][-]{subsection.4.5.1}{\376\377\000B\000F\000S\000-\000B\000a\000s\000e\000d\000\040\000A\000l\000g\000o\000r\000i\000t\000h\000m}{section.4.5}% 28
\BOOKMARK [3][-]{subsubsection.4.5.1.1}{\376\377\000T\000e\000r\000m\000i\000n\000a\000t\000i\000o\000n\000\040\000C\000r\000i\000t\000e\000r\000i\000a\000\040\000o\000f\000\040\000t\000h\000e\000\040\000B\000F\000S\000-\000B\000a\000s\000e\000d\000\040\000A\000l\000g\000o\000r\000i\000t\000h\000m}{subsection.4.5.1}% 29
\BOOKMARK [3][-]{subsubsection.4.5.1.2}{\376\377\000S\000t\000e\000p\000s\000\040\000o\000f\000\040\000t\000h\000e\000\040\000B\000F\000S\000-\000B\000a\000s\000e\000d\000\040\000A\000l\000g\000o\000r\000i\000t\000h\000m}{subsection.4.5.1}% 30
\BOOKMARK [1][-]{section.4.6}{\376\377\000R\000e\000s\000u\000l\000t\000s\000\040\000E\000x\000e\000c\000u\000t\000i\000o\000n\000\040\000P\000h\000a\000s\000e}{chapter.4}% 31
\BOOKMARK [1][-]{section.4.7}{\376\377\000P\000r\000a\000c\000t\000i\000c\000a\000l\000\040\000E\000x\000a\000m\000p\000l\000e}{chapter.4}% 32
\BOOKMARK [0][-]{chapter.5}{\376\377\000E\000x\000p\000e\000r\000i\000m\000e\000n\000t\000s\000\040\000a\000n\000d\000\040\000R\000e\000s\000u\000l\000t\000s}{}% 33
\BOOKMARK [1][-]{section.5.1}{\376\377\000A\000s\000s\000e\000m\000b\000l\000i\000n\000g\000\040\000O\000b\000j\000e\000c\000t\000s\000\040\000T\000e\000s\000t}{chapter.5}% 34
\BOOKMARK [1][-]{section.5.2}{\376\377\000P\000e\000r\000f\000o\000r\000m\000a\000n\000c\000e\000\040\000C\000o\000n\000s\000i\000d\000e\000r\000a\000t\000i\000o\000n\000s}{chapter.5}% 35
\BOOKMARK [0][-]{chapter.6}{\376\377\000C\000o\000n\000c\000l\000u\000s\000i\000o\000n}{}% 36
\BOOKMARK [1][-]{section.6.1}{\376\377\000O\000p\000e\000n\000C\000o\000g\000\040\000A\000d\000v\000a\000n\000t\000a\000g\000e\000s}{chapter.6}% 37
\BOOKMARK [1][-]{section.6.2}{\376\377\000F\000u\000t\000u\000r\000e\000\040\000D\000e\000v\000e\000l\000o\000p\000m\000e\000n\000t\000s}{chapter.6}% 38
\BOOKMARK [0][-]{chapter.7}{\376\377\000A\000p\000p\000e\000n\000d\000i\000x\000\040\000A}{}% 39
\BOOKMARK [1][-]{section.7.1}{\376\377\000K\000n\000o\000w\000l\000e\000d\000g\000e\000\040\000B\000a\000s\000e\000\040\000E\000x\000a\000m\000p\000l\000e\000s}{chapter.7}% 40
\BOOKMARK [1][-]{section.7.2}{\376\377\000P\000D\000D\000L\000\040\000P\000r\000o\000b\000l\000e\000m\000\040\000a\000n\000d\000\040\000D\000o\000m\000a\000i\000n}{chapter.7}% 41
\BOOKMARK [1][-]{section.7.3}{\376\377\000A\000c\000t\000i\000o\000n\000\040\000R\000u\000l\000e\000s}{chapter.7}% 42
\BOOKMARK [1][-]{section.7.4}{\376\377\000N\000L\000P\000\040\000R\000u\000l\000e\000s}{chapter.7}% 43
\BOOKMARK [0][-]{section*.40}{\376\377\000B\000i\000b\000l\000i\000o\000g\000r\000a\000f\000i\000a}{}% 44
